# JRE version: OpenJDK Runtime Environment (8.0_352-b08) (build 1.8.0_352-8u352-ga-1~20.04-b08)
# Java VM: OpenJDK 64-Bit Server VM (25.352-b08 mixed mode linux-amd64 compressed oops)
Heap:
 def new generation   total 111296K, used 0K [0x00000000e0000000, 0x00000000e78c0000, 0x00000000eaaa0000)
  eden space 98944K,   0% used [0x00000000e0000000, 0x00000000e0000000, 0x00000000e60a0000)
  from space 12352K,   0% used [0x00000000e60a0000, 0x00000000e60a0000, 0x00000000e6cb0000)
  to   space 12352K,   0% used [0x00000000e6cb0000, 0x00000000e6cb0000, 0x00000000e78c0000)
 tenured generation   total 247128K, used 164323K [0x00000000eaaa0000, 0x00000000f9bf6000, 0x0000000100000000)
   the space 247128K,  66% used [0x00000000eaaa0000, 0x00000000f4b18c98, 0x00000000f4b18e00, 0x00000000f9bf6000)
 Metaspace       used 92241K, capacity 97062K, committed 97320K, reserved 1132544K
  class space    used 12649K, capacity 14043K, committed 14120K, reserved 1048576K
GC Heap History (10 events):
Event: 54097.527 GC heap after
Heap after GC invocations=465 (full 6):
 def new generation   total 111296K, used 10928K [0x00000000e0000000, 0x00000000e78c0000, 0x00000000eaaa0000)
  eden space 98944K,   0% used [0x00000000e0000000, 0x00000000e0000000, 0x00000000e60a0000)
  from space 12352K,  88% used [0x00000000e60a0000, 0x00000000e6b4c1a0, 0x00000000e6cb0000)
  to   space 12352K,   0% used [0x00000000e6cb0000, 0x00000000e6cb0000, 0x00000000e78c0000)
 tenured generation   total 247128K, used 199746K [0x00000000eaaa0000, 0x00000000f9bf6000, 0x0000000100000000)
   the space 247128K,  80% used [0x00000000eaaa0000, 0x00000000f6db0b70, 0x00000000f6db0c00, 0x00000000f9bf6000)
 Metaspace       used 92192K, capacity 96998K, committed 97320K, reserved 1132544K
  class space    used 12648K, capacity 14043K, committed 14120K, reserved 1048576K
}
Event: 54122.714 GC heap before
{Heap before GC invocations=465 (full 6):
 def new generation   total 111296K, used 109872K [0x00000000e0000000, 0x00000000e78c0000, 0x00000000eaaa0000)
  eden space 98944K, 100% used [0x00000000e0000000, 0x00000000e60a0000, 0x00000000e60a0000)
  from space 12352K,  88% used [0x00000000e60a0000, 0x00000000e6b4c1a0, 0x00000000e6cb0000)
  to   space 12352K,   0% used [0x00000000e6cb0000, 0x00000000e6cb0000, 0x00000000e78c0000)
 tenured generation   total 247128K, used 199746K [0x00000000eaaa0000, 0x00000000f9bf6000, 0x0000000100000000)
   the space 247128K,  80% used [0x00000000eaaa0000, 0x00000000f6db0b70, 0x00000000f6db0c00, 0x00000000f9bf6000)
 Metaspace       used 92197K, capacity 96998K, committed 97320K, reserved 1132544K
  class space    used 12648K, capacity 14043K, committed 14120K, reserved 1048576K
Event: 54122.780 GC heap after
Heap after GC invocations=466 (full 6):
 def new generation   total 111296K, used 7229K [0x00000000e0000000, 0x00000000e78c0000, 0x00000000eaaa0000)
  eden space 98944K,   0% used [0x00000000e0000000, 0x00000000e0000000, 0x00000000e60a0000)
  from space 12352K,  58% used [0x00000000e6cb0000, 0x00000000e73bf720, 0x00000000e78c0000)
  to   space 12352K,   0% used [0x00000000e60a0000, 0x00000000e60a0000, 0x00000000e6cb0000)
 tenured generation   total 247128K, used 207404K [0x00000000eaaa0000, 0x00000000f9bf6000, 0x0000000100000000)
   the space 247128K,  83% used [0x00000000eaaa0000, 0x00000000f752b230, 0x00000000f752b400, 0x00000000f9bf6000)
 Metaspace       used 92197K, capacity 96998K, committed 97320K, reserved 1132544K
  class space    used 12648K, capacity 14043K, committed 14120K, reserved 1048576K
}
Event: 54157.580 GC heap before
{Heap before GC invocations=466 (full 6):
 def new generation   total 111296K, used 106173K [0x00000000e0000000, 0x00000000e78c0000, 0x00000000eaaa0000)
  eden space 98944K, 100% used [0x00000000e0000000, 0x00000000e60a0000, 0x00000000e60a0000)
  from space 12352K,  58% used [0x00000000e6cb0000, 0x00000000e73bf720, 0x00000000e78c0000)
  to   space 12352K,   0% used [0x00000000e60a0000, 0x00000000e60a0000, 0x00000000e6cb0000)
 tenured generation   total 247128K, used 207404K [0x00000000eaaa0000, 0x00000000f9bf6000, 0x0000000100000000)
   the space 247128K,  83% used [0x00000000eaaa0000, 0x00000000f752b230, 0x00000000f752b400, 0x00000000f9bf6000)
 Metaspace       used 92200K, capacity 96998K, committed 97320K, reserved 1132544K
  class space    used 12648K, capacity 14043K, committed 14120K, reserved 1048576K
Event: 54157.595 GC heap after
Heap after GC invocations=467 (full 6):
 def new generation   total 111296K, used 4042K [0x00000000e0000000, 0x00000000e78c0000, 0x00000000eaaa0000)
  eden space 98944K,   0% used [0x00000000e0000000, 0x00000000e0000000, 0x00000000e60a0000)
  from space 12352K,  32% used [0x00000000e60a0000, 0x00000000e6492b38, 0x00000000e6cb0000)
  to   space 12352K,   0% used [0x00000000e6cb0000, 0x00000000e6cb0000, 0x00000000e78c0000)
 tenured generation   total 247128K, used 212373K [0x00000000eaaa0000, 0x00000000f9bf6000, 0x0000000100000000)
   the space 247128K,  85% used [0x00000000eaaa0000, 0x00000000f7a05568, 0x00000000f7a05600, 0x00000000f9bf6000)
 Metaspace       used 92200K, capacity 96998K, committed 97320K, reserved 1132544K
  class space    used 12648K, capacity 14043K, committed 14120K, reserved 1048576K
}
Event: 54178.475 GC heap before
{Heap before GC invocations=467 (full 6):
 def new generation   total 111296K, used 102986K [0x00000000e0000000, 0x00000000e78c0000, 0x00000000eaaa0000)
  eden space 98944K, 100% used [0x00000000e0000000, 0x00000000e60a0000, 0x00000000e60a0000)
  from space 12352K,  32% used [0x00000000e60a0000, 0x00000000e6492b38, 0x00000000e6cb0000)
  to   space 12352K,   0% used [0x00000000e6cb0000, 0x00000000e6cb0000, 0x00000000e78c0000)
 tenured generation   total 247128K, used 212373K [0x00000000eaaa0000, 0x00000000f9bf6000, 0x0000000100000000)
   the space 247128K,  85% used [0x00000000eaaa0000, 0x00000000f7a05568, 0x00000000f7a05600, 0x00000000f9bf6000)
 Metaspace       used 92238K, capacity 97062K, committed 97320K, reserved 1132544K
  class space    used 12649K, capacity 14043K, committed 14120K, reserved 1048576K
Event: 54178.492 GC heap after
Heap after GC invocations=468 (full 6):
 def new generation   total 111296K, used 10154K [0x00000000e0000000, 0x00000000e78c0000, 0x00000000eaaa0000)
  eden space 98944K,   0% used [0x00000000e0000000, 0x00000000e0000000, 0x00000000e60a0000)
  from space 12352K,  82% used [0x00000000e6cb0000, 0x00000000e769aa58, 0x00000000e78c0000)
  to   space 12352K,   0% used [0x00000000e60a0000, 0x00000000e60a0000, 0x00000000e6cb0000)
 tenured generation   total 247128K, used 212373K [0x00000000eaaa0000, 0x00000000f9bf6000, 0x0000000100000000)
   the space 247128K,  85% used [0x00000000eaaa0000, 0x00000000f7a05568, 0x00000000f7a05600, 0x00000000f9bf6000)
 Metaspace       used 92238K, capacity 97062K, committed 97320K, reserved 1132544K
  class space    used 12649K, capacity 14043K, committed 14120K, reserved 1048576K
}
Event: 54199.014 GC heap before
{Heap before GC invocations=468 (full 6):
 def new generation   total 111296K, used 109098K [0x00000000e0000000, 0x00000000e78c0000, 0x00000000eaaa0000)
  eden space 98944K, 100% used [0x00000000e0000000, 0x00000000e60a0000, 0x00000000e60a0000)
  from space 12352K,  82% used [0x00000000e6cb0000, 0x00000000e769aa58, 0x00000000e78c0000)
  to   space 12352K,   0% used [0x00000000e60a0000, 0x00000000e60a0000, 0x00000000e6cb0000)
 tenured generation   total 247128K, used 212373K [0x00000000eaaa0000, 0x00000000f9bf6000, 0x0000000100000000)
   the space 247128K,  85% used [0x00000000eaaa0000, 0x00000000f7a05568, 0x00000000f7a05600, 0x00000000f9bf6000)
 Metaspace       used 92240K, capacity 97062K, committed 97320K, reserved 1132544K
  class space    used 12649K, capacity 14043K, committed 14120K, reserved 1048576K
Event: 54199.031 GC heap after
Heap after GC invocations=469 (full 6):
 def new generation   total 111296K, used 6694K [0x00000000e0000000, 0x00000000e78c0000, 0x00000000eaaa0000)
  eden space 98944K,   0% used [0x00000000e0000000, 0x00000000e0000000, 0x00000000e60a0000)
  from space 12352K,  54% used [0x00000000e60a0000, 0x00000000e6729a78, 0x00000000e6cb0000)
  to   space 12352K,   0% used [0x00000000e6cb0000, 0x00000000e6cb0000, 0x00000000e78c0000)
 tenured generation   total 247128K, used 217821K [0x00000000eaaa0000, 0x00000000f9bf6000, 0x0000000100000000)
   the space 247128K,  88% used [0x00000000eaaa0000, 0x00000000f7f576c8, 0x00000000f7f57800, 0x00000000f9bf6000)
 Metaspace       used 92240K, capacity 97062K, committed 97320K, reserved 1132544K
  class space    used 12649K, capacity 14043K, committed 14120K, reserved 1048576K
}
Event: 54206.581 GC heap before
{Heap before GC invocations=469 (full 6):
 def new generation   total 111296K, used 27055K [0x00000000e0000000, 0x00000000e78c0000, 0x00000000eaaa0000)
  eden space 98944K,  20% used [0x00000000e0000000, 0x00000000e13e2498, 0x00000000e60a0000)
  from space 12352K,  54% used [0x00000000e60a0000, 0x00000000e6729a78, 0x00000000e6cb0000)
  to   space 12352K,   0% used [0x00000000e6cb0000, 0x00000000e6cb0000, 0x00000000e78c0000)
 tenured generation   total 247128K, used 217821K [0x00000000eaaa0000, 0x00000000f9bf6000, 0x0000000100000000)
   the space 247128K,  88% used [0x00000000eaaa0000, 0x00000000f7f576c8, 0x00000000f7f57800, 0x00000000f9bf6000)
 Metaspace       used 92241K, capacity 97062K, committed 97320K, reserved 1132544K
  class space    used 12649K, capacity 14043K, committed 14120K, reserved 1048576K

